<?xml version="1.0" encoding="utf-8"?><testsuites name="pytest tests"><testsuite name="pytest" errors="0" failures="0" skipped="1" tests="35" time="10.119" timestamp="2026-01-22T06:07:24.837845+00:00" hostname="agent-env-c3137fa5-4cbc-49d6-baa9-5e8f6b1c48e1"><testcase classname="tests.test_backend_api.TestHealthAndRoot" name="test_api_root" time="0.077" /><testcase classname="tests.test_backend_api.TestMarketData" name="test_get_all_market_prices" time="0.036" /><testcase classname="tests.test_backend_api.TestMarketData" name="test_get_btc_price" time="0.042" /><testcase classname="tests.test_backend_api.TestMarketData" name="test_get_eth_price" time="0.039" /><testcase classname="tests.test_backend_api.TestMarketData" name="test_get_spy_price" time="0.038" /><testcase classname="tests.test_backend_api.TestMarketData" name="test_get_price_history" time="0.038" /><testcase classname="tests.test_backend_api.TestMarketData" name="test_invalid_symbol" time="0.037" /><testcase classname="tests.test_backend_api.TestMLPredictions" name="test_comprehensive_prediction" time="0.041" /><testcase classname="tests.test_backend_api.TestMLPredictions" name="test_direction_prediction" time="0.040" /><testcase classname="tests.test_backend_api.TestMLPredictions" name="test_volatility_prediction" time="0.039" /><testcase classname="tests.test_backend_api.TestMLPredictions" name="test_trend_prediction" time="0.044" /><testcase classname="tests.test_backend_api.TestMLPredictions" name="test_model_accuracy" time="0.036" /><testcase classname="tests.test_backend_api.TestTradingCompetitions" name="test_get_active_competitions" time="0.039" /><testcase classname="tests.test_backend_api.TestTradingCompetitions" name="test_create_daily_challenge" time="0.037" /><testcase classname="tests.test_backend_api.TestTradingCompetitions" name="test_create_themed_competition" time="0.040" /><testcase classname="tests.test_backend_api.TestTradingCompetitions" name="test_user_competition_stats" time="0.036" /><testcase classname="tests.test_backend_api.TestTradingCompetitions" name="test_global_leaderboard" time="0.034" /><testcase classname="tests.test_backend_api.TestAgentConsensus" name="test_request_consensus" time="7.616" /><testcase classname="tests.test_backend_api.TestOracleMemory" name="test_query_oracle" time="0.077" /><testcase classname="tests.test_backend_api.TestVoiceCommands" name="test_parse_buy_command" time="0.048" /><testcase classname="tests.test_backend_api.TestVoiceCommands" name="test_parse_sell_command" time="0.038" /><testcase classname="tests.test_backend_api.TestTradeExecution" name="test_execute_trade" time="0.036" /><testcase classname="tests.test_backend_api.TestTradeExecution" name="test_get_trade_history" time="0.039"><skipped type="pytest.skip" message="Known bug: Trade history endpoint has schema mismatch with old trades">/app/tests/test_backend_api.py:312: Known bug: Trade history endpoint has schema mismatch with old trades</skipped></testcase><testcase classname="tests.test_backend_api.TestPriceAlerts" name="test_create_alert" time="0.038" /><testcase classname="tests.test_backend_api.TestPriceAlerts" name="test_get_alerts" time="0.078" /><testcase classname="tests.test_backend_api.TestCrawlerSignals" name="test_get_crawler_signals" time="0.041" /><testcase classname="tests.test_backend_api.TestCrawlerSignals" name="test_get_whale_transactions" time="0.040" /><testcase classname="tests.test_backend_api.TestCrawlerSignals" name="test_get_news_signals" time="0.040" /><testcase classname="tests.test_backend_api.TestPortfolio" name="test_get_portfolio_summary" time="0.077" /><testcase classname="tests.test_backend_api.TestUserState" name="test_get_mood_analysis" time="0.036" /><testcase classname="tests.test_backend_api.TestUserState" name="test_get_gesture" time="0.038" /><testcase classname="tests.test_backend_api.TestAvatar" name="test_get_available_voices" time="0.037" /><testcase classname="tests.test_backend_api.TestAvatar" name="test_avatar_insight" time="0.960" /><testcase classname="tests.test_backend_api.TestExport" name="test_export_trades_csv" time="0.039" /><testcase classname="tests.test_backend_api.TestExport" name="test_export_trades_pdf" time="0.044" /></testsuite></testsuites>