<?xml version="1.0" encoding="utf-8"?><testsuites name="pytest tests"><testsuite name="pytest" errors="0" failures="1" skipped="0" tests="28" time="62.728" timestamp="2026-01-21T08:41:10.349209+00:00" hostname="agent-env-6527de6d-2328-4d8a-8e11-72ad1e6d6fcb"><testcase classname="tests.test_p6_features.TestTradingJournal" name="test_daily_summary_returns_data" time="0.096" /><testcase classname="tests.test_p6_features.TestTradingJournal" name="test_daily_summary_has_trades_stats" time="0.042" /><testcase classname="tests.test_p6_features.TestTradingJournal" name="test_daily_summary_has_pnl" time="0.076" /><testcase classname="tests.test_p6_features.TestTradingJournal" name="test_daily_summary_has_best_worst_trades" time="0.037" /><testcase classname="tests.test_p6_features.TestTradingJournal" name="test_daily_summary_has_ai_insights" time="0.061" /><testcase classname="tests.test_p6_features.TestTradingJournal" name="test_weekly_summary_returns_data" time="28.551" /><testcase classname="tests.test_p6_features.TestTradingJournal" name="test_weekly_summary_has_daily_breakdown" time="31.838" /><testcase classname="tests.test_p6_features.TestTradingJournal" name="test_add_journal_note" time="0.085"><failure message="assert 520 == 200&#10; +  where 520 = &lt;Response [520]&gt;.status_code">tests/test_p6_features.py:131: in test_add_journal_note
    assert response.status_code == 200
E   assert 520 == 200
E    +  where 520 = &lt;Response [520]&gt;.status_code</failure></testcase><testcase classname="tests.test_p6_features.TestPortfolioLeaderboard" name="test_public_portfolios_returns_data" time="0.036" /><testcase classname="tests.test_p6_features.TestPortfolioLeaderboard" name="test_portfolios_have_required_fields" time="0.036" /><testcase classname="tests.test_p6_features.TestPortfolioLeaderboard" name="test_portfolios_sorted_by_value" time="0.031" /><testcase classname="tests.test_p6_features.TestPortfolioLeaderboard" name="test_portfolios_have_rankings" time="0.035" /><testcase classname="tests.test_p6_features.TestPortfolioLeaderboard" name="test_portfolios_have_top_holdings" time="0.039" /><testcase classname="tests.test_p6_features.TestPortfolioLeaderboard" name="test_sort_by_daily_pnl" time="0.033" /><testcase classname="tests.test_p6_features.TestPortfolioLeaderboard" name="test_sort_by_win_rate" time="0.035" /><testcase classname="tests.test_p6_features.TestPortfolioLeaderboard" name="test_sort_by_followers" time="0.039" /><testcase classname="tests.test_p6_features.TestSocialSignals" name="test_trending_returns_data" time="0.041" /><testcase classname="tests.test_p6_features.TestSocialSignals" name="test_fear_greed_index_valid" time="0.038" /><testcase classname="tests.test_p6_features.TestSocialSignals" name="test_trending_topics_structure" time="0.036" /><testcase classname="tests.test_p6_features.TestSocialSignals" name="test_trending_has_sample_tweets" time="0.033" /><testcase classname="tests.test_p6_features.TestSocialSignals" name="test_sentiment_score_valid" time="0.033" /><testcase classname="tests.test_p6_features.TestSocialSignals" name="test_symbol_sentiment_btc" time="0.033" /><testcase classname="tests.test_p6_features.TestSocialSignals" name="test_symbol_sentiment_eth" time="0.030" /><testcase classname="tests.test_p6_features.TestSocialSignals" name="test_symbol_sentiment_sources" time="0.037" /><testcase classname="tests.test_p6_features.TestSocialSignals" name="test_symbol_sentiment_influencers" time="0.033" /><testcase classname="tests.test_p6_features.TestExistingAPIs" name="test_root_endpoint" time="0.035" /><testcase classname="tests.test_p6_features.TestExistingAPIs" name="test_market_prices" time="0.039" /><testcase classname="tests.test_p6_features.TestExistingAPIs" name="test_avatar_insight" time="0.941" /></testsuite></testsuites>