<?xml version="1.0" encoding="utf-8"?><testsuites name="pytest tests"><testsuite name="pytest" errors="0" failures="0" skipped="0" tests="21" time="1.294" timestamp="2026-01-21T07:08:30.742804+00:00" hostname="agent-env-5cae1713-c47c-4151-bdba-6cc4fa29881c"><testcase classname="tests.test_p4_features.TestExportEndpoints" name="test_export_trades_csv" time="0.092" /><testcase classname="tests.test_p4_features.TestExportEndpoints" name="test_export_trades_pdf" time="0.048" /><testcase classname="tests.test_p4_features.TestExportEndpoints" name="test_export_alerts_csv" time="0.038" /><testcase classname="tests.test_p4_features.TestPriceAlertsAPI" name="test_create_alert" time="0.039" /><testcase classname="tests.test_p4_features.TestPriceAlertsAPI" name="test_get_alerts" time="0.036" /><testcase classname="tests.test_p4_features.TestPriceAlertsAPI" name="test_get_alerts_include_triggered" time="0.039" /><testcase classname="tests.test_p4_features.TestPriceAlertsAPI" name="test_delete_alert" time="0.115" /><testcase classname="tests.test_p4_features.TestCrawlerAPI" name="test_get_crawler_signals" time="0.043" /><testcase classname="tests.test_p4_features.TestCrawlerAPI" name="test_get_crawler_signals_by_type" time="0.149" /><testcase classname="tests.test_p4_features.TestCrawlerAPI" name="test_get_whale_transactions" time="0.034" /><testcase classname="tests.test_p4_features.TestCrawlerAPI" name="test_get_news_signals" time="0.038" /><testcase classname="tests.test_p4_features.TestCrawlerAPI" name="test_get_social_signals" time="0.035" /><testcase classname="tests.test_p4_features.TestCrawlerAPI" name="test_get_orderbook_signals" time="0.043" /><testcase classname="tests.test_p4_features.TestExistingAPIs" name="test_api_root" time="0.033" /><testcase classname="tests.test_p4_features.TestExistingAPIs" name="test_market_prices" time="0.035" /><testcase classname="tests.test_p4_features.TestExistingAPIs" name="test_market_symbol" time="0.033" /><testcase classname="tests.test_p4_features.TestExistingAPIs" name="test_trades_history" time="0.032" /><testcase classname="tests.test_p4_features.TestExistingAPIs" name="test_portfolio_summary" time="0.033" /><testcase classname="tests.test_p4_features.TestAlertConditions" name="test_create_alert_above" time="0.110" /><testcase classname="tests.test_p4_features.TestAlertConditions" name="test_create_alert_below" time="0.066" /><testcase classname="tests.test_p4_features.TestAlertConditions" name="test_create_alert_stock_symbol" time="0.067" /></testsuite></testsuites>