<?xml version="1.0" encoding="utf-8"?><testsuites name="pytest tests"><testsuite name="pytest" errors="0" failures="0" skipped="0" tests="19" time="1.317" timestamp="2026-01-29T18:51:33.141953+00:00" hostname="agent-env-adab9ffe-3dc8-46ea-9b4d-ea92c320ef05"><testcase classname="backend.tests.test_copy_trading_ws.TestCopyTradingWSStats" name="test_stats_returns_200" time="0.089" /><testcase classname="backend.tests.test_copy_trading_ws.TestCopyTradingWSStats" name="test_stats_has_required_fields" time="0.039" /><testcase classname="backend.tests.test_copy_trading_ws.TestCopyTradingWSStats" name="test_stats_values_are_numeric" time="0.039" /><testcase classname="backend.tests.test_copy_trading_ws.TestCopyTradingWSEvents" name="test_events_returns_200" time="0.043" /><testcase classname="backend.tests.test_copy_trading_ws.TestCopyTradingWSEvents" name="test_events_returns_list" time="0.040" /><testcase classname="backend.tests.test_copy_trading_ws.TestCopyTradingWSEvents" name="test_events_with_limit_parameter" time="0.037" /><testcase classname="backend.tests.test_copy_trading_ws.TestCopyTradingWSUserTrades" name="test_user_trades_returns_200" time="0.043" /><testcase classname="backend.tests.test_copy_trading_ws.TestCopyTradingWSUserTrades" name="test_user_trades_returns_list" time="0.037" /><testcase classname="backend.tests.test_copy_trading_ws.TestCopyTradingWSUserTrades" name="test_user_trades_with_limit" time="0.043" /><testcase classname="backend.tests.test_copy_trading_ws.TestCopyTradingWSFollowers" name="test_followers_returns_200" time="0.033" /><testcase classname="backend.tests.test_copy_trading_ws.TestCopyTradingWSFollowers" name="test_followers_has_required_fields" time="0.040" /><testcase classname="backend.tests.test_copy_trading_ws.TestCopyTradingWSSimulate" name="test_simulate_returns_200" time="0.040" /><testcase classname="backend.tests.test_copy_trading_ws.TestCopyTradingWSSimulate" name="test_simulate_returns_success" time="0.037" /><testcase classname="backend.tests.test_copy_trading_ws.TestCopyTradingWSSimulate" name="test_simulate_returns_event_data" time="0.041" /><testcase classname="backend.tests.test_copy_trading_ws.TestCopyTradingWSSimulate" name="test_simulate_buy_action" time="0.038" /><testcase classname="backend.tests.test_copy_trading_ws.TestCopyTradingWSSimulate" name="test_simulate_sell_action" time="0.036" /><testcase classname="backend.tests.test_copy_trading_ws.TestCopyTradingWSSimulate" name="test_simulate_event_appears_in_events_list" time="0.075" /><testcase classname="backend.tests.test_copy_trading_ws.TestCopyTradingWSIntegration" name="test_stats_update_after_simulate" time="0.191" /><testcase classname="backend.tests.test_copy_trading_ws.TestCopyTradingWSIntegration" name="test_events_history_grows" time="0.303" /></testsuite></testsuites>