<?xml version="1.0" encoding="utf-8"?><testsuites name="pytest tests"><testsuite name="pytest" errors="0" failures="0" skipped="0" tests="24" time="6.777" timestamp="2026-01-29T17:25:45.043794+00:00" hostname="agent-env-adab9ffe-3dc8-46ea-9b4d-ea92c320ef05"><testcase classname="backend.tests.test_supply_chain_api.TestSupplyChainControlTower" name="test_control_tower_returns_200" time="5.756" /><testcase classname="backend.tests.test_supply_chain_api.TestSupplyChainControlTower" name="test_control_tower_has_overview" time="0.052" /><testcase classname="backend.tests.test_supply_chain_api.TestSupplyChainControlTower" name="test_control_tower_has_risk_summary" time="0.035" /><testcase classname="backend.tests.test_supply_chain_api.TestSupplyChainControlTower" name="test_control_tower_has_top_risks" time="0.043" /><testcase classname="backend.tests.test_supply_chain_api.TestSupplyChainMarkets" name="test_markets_returns_200" time="0.059" /><testcase classname="backend.tests.test_supply_chain_api.TestSupplyChainMarkets" name="test_markets_returns_list" time="0.038" /><testcase classname="backend.tests.test_supply_chain_api.TestSupplyChainMarkets" name="test_market_has_required_fields" time="0.038" /><testcase classname="backend.tests.test_supply_chain_api.TestSupplyChainMarkets" name="test_market_prices_valid_range" time="0.041" /><testcase classname="backend.tests.test_supply_chain_api.TestSupplyChainSuppliers" name="test_suppliers_returns_200" time="0.038" /><testcase classname="backend.tests.test_supply_chain_api.TestSupplyChainSuppliers" name="test_suppliers_returns_list" time="0.038" /><testcase classname="backend.tests.test_supply_chain_api.TestSupplyChainSuppliers" name="test_supplier_has_required_fields" time="0.041" /><testcase classname="backend.tests.test_supply_chain_api.TestSupplyChainSuppliers" name="test_supplier_metrics_complete" time="0.042" /><testcase classname="backend.tests.test_supply_chain_api.TestSupplyChainPorts" name="test_ports_returns_200" time="0.038" /><testcase classname="backend.tests.test_supply_chain_api.TestSupplyChainPorts" name="test_ports_returns_list" time="0.040" /><testcase classname="backend.tests.test_supply_chain_api.TestSupplyChainPorts" name="test_port_has_required_fields" time="0.038" /><testcase classname="backend.tests.test_supply_chain_api.TestSupplyChainPorts" name="test_port_congestion_data" time="0.042" /><testcase classname="backend.tests.test_supply_chain_api.TestSupplyChainInstruments" name="test_instruments_returns_200" time="0.043" /><testcase classname="backend.tests.test_supply_chain_api.TestSupplyChainInstruments" name="test_instruments_returns_list" time="0.038" /><testcase classname="backend.tests.test_supply_chain_api.TestSupplyChainInstruments" name="test_instrument_has_required_fields" time="0.037" /><testcase classname="backend.tests.test_supply_chain_api.TestSupplyChainInstruments" name="test_instrument_pricing_data" time="0.038" /><testcase classname="backend.tests.test_supply_chain_api.TestSupplyChainGeopoliticalRisk" name="test_geopolitical_risk_returns_200" time="0.037" /><testcase classname="backend.tests.test_supply_chain_api.TestSupplyChainGeopoliticalRisk" name="test_geopolitical_risk_has_index" time="0.036" /><testcase classname="backend.tests.test_supply_chain_api.TestSupplyChainGeopoliticalRisk" name="test_geopolitical_risk_level_valid" time="0.041" /><testcase classname="backend.tests.test_supply_chain_api.TestSupplyChainGeopoliticalRisk" name="test_geopolitical_key_risks_structure" time="0.039" /></testsuite></testsuites>