<?xml version="1.0" encoding="utf-8"?><testsuites name="pytest tests"><testsuite name="pytest" errors="0" failures="0" skipped="0" tests="18" time="9.740" timestamp="2026-01-21T06:28:43.744153+00:00" hostname="agent-env-5cae1713-c47c-4151-bdba-6cc4fa29881c"><testcase classname="tests.test_p3_features.TestHealthAndBasicAPIs" name="test_api_root" time="0.101" /><testcase classname="tests.test_p3_features.TestHealthAndBasicAPIs" name="test_market_prices_endpoint" time="0.163" /><testcase classname="tests.test_p3_features.TestMarketDataAPIs" name="test_individual_crypto_price" time="0.033" /><testcase classname="tests.test_p3_features.TestMarketDataAPIs" name="test_individual_stock_price" time="0.048" /><testcase classname="tests.test_p3_features.TestMarketDataAPIs" name="test_price_history" time="0.033" /><testcase classname="tests.test_p3_features.TestMarketDataAPIs" name="test_stock_price_history" time="0.041" /><testcase classname="tests.test_p3_features.TestAgentConsensusAPI" name="test_consensus_request" time="8.724" /><testcase classname="tests.test_p3_features.TestOracleMemoryAPI" name="test_oracle_query" time="0.055" /><testcase classname="tests.test_p3_features.TestVoiceCommandAPI" name="test_voice_parse_buy" time="0.038" /><testcase classname="tests.test_p3_features.TestVoiceCommandAPI" name="test_voice_parse_sell" time="0.037" /><testcase classname="tests.test_p3_features.TestTradeExecutionAPI" name="test_execute_trade" time="0.048" /><testcase classname="tests.test_p3_features.TestTradeExecutionAPI" name="test_trade_history" time="0.038" /><testcase classname="tests.test_p3_features.TestUserStateAPIs" name="test_mood_analysis" time="0.038" /><testcase classname="tests.test_p3_features.TestUserStateAPIs" name="test_gesture_detection" time="0.038" /><testcase classname="tests.test_p3_features.TestPortfolioAPI" name="test_portfolio_summary" time="0.033" /><testcase classname="tests.test_p3_features.TestStatusAPI" name="test_create_status_check" time="0.050" /><testcase classname="tests.test_p3_features.TestStatusAPI" name="test_get_status_checks" time="0.037" /><testcase classname="tests.test_p3_features.TestAuthenticationAPI" name="test_auth_me_unauthenticated" time="0.039" /></testsuite></testsuites>