<?xml version="1.0" encoding="utf-8"?><testsuites name="pytest tests"><testsuite name="pytest" errors="0" failures="0" skipped="0" tests="15" time="14.848" timestamp="2026-01-21T07:30:22.680186+00:00" hostname="agent-env-5cae1713-c47c-4151-bdba-6cc4fa29881c"><testcase classname="tests.test_p5_features.TestAvatarAPIs" name="test_avatar_voices_endpoint" time="0.060" /><testcase classname="tests.test_p5_features.TestAvatarAPIs" name="test_avatar_insight_endpoint" time="1.758" /><testcase classname="tests.test_p5_features.TestAvatarAPIs" name="test_avatar_insight_with_bullish_context" time="3.325" /><testcase classname="tests.test_p5_features.TestAvatarAPIs" name="test_avatar_insight_with_bearish_context" time="2.251" /><testcase classname="tests.test_p5_features.TestAvatarAPIs" name="test_avatar_speak_endpoint" time="2.157" /><testcase classname="tests.test_p5_features.TestAvatarAPIs" name="test_avatar_speak_different_voices" time="4.770" /><testcase classname="tests.test_p5_features.TestAvatarAPIs" name="test_avatar_speak_text_too_long" time="0.039" /><testcase classname="tests.test_p5_features.TestServiceWorker" name="test_service_worker_accessible" time="0.037" /><testcase classname="tests.test_p5_features.TestServiceWorker" name="test_service_worker_has_push_handler" time="0.037" /><testcase classname="tests.test_p5_features.TestServiceWorker" name="test_service_worker_has_notification_click" time="0.037" /><testcase classname="tests.test_p5_features.TestExistingAPIs" name="test_root_api" time="0.036" /><testcase classname="tests.test_p5_features.TestExistingAPIs" name="test_market_prices" time="0.155" /><testcase classname="tests.test_p5_features.TestExistingAPIs" name="test_portfolio_summary" time="0.034" /><testcase classname="tests.test_p5_features.TestExistingAPIs" name="test_crawler_signals" time="0.040" /><testcase classname="tests.test_p5_features.TestThemeEndpoints" name="test_frontend_loads" time="0.035" /></testsuite></testsuites>