<?xml version="1.0" encoding="utf-8"?><testsuites name="pytest tests"><testsuite name="pytest" errors="0" failures="5" skipped="0" tests="32" time="1.845" timestamp="2026-01-21T09:15:06.828665+00:00" hostname="agent-env-6527de6d-2328-4d8a-8e11-72ad1e6d6fcb"><testcase classname="tests.test_production_features.TestHealthAndBasics" name="test_api_health" time="0.079" /><testcase classname="tests.test_production_features.TestHealthAndBasics" name="test_market_prices" time="0.039" /><testcase classname="tests.test_production_features.TestTradingPlayground" name="test_create_playground_account" time="0.031" /><testcase classname="tests.test_production_features.TestTradingPlayground" name="test_get_playground_account" time="0.036" /><testcase classname="tests.test_production_features.TestTradingPlayground" name="test_place_buy_order" time="0.080" /><testcase classname="tests.test_production_features.TestTradingPlayground" name="test_view_positions_after_buy" time="0.041" /><testcase classname="tests.test_production_features.TestTradingPlayground" name="test_place_sell_order" time="0.039" /><testcase classname="tests.test_production_features.TestTradingPlayground" name="test_account_balance_after_trades" time="0.039" /><testcase classname="tests.test_production_features.TestTradingPlayground" name="test_reset_account" time="0.033" /><testcase classname="tests.test_production_features.TestTradingPlayground" name="test_playground_leaderboard" time="0.032" /><testcase classname="tests.test_production_features.TestAutonomousBot" name="test_create_bot_account_first" time="0.036" /><testcase classname="tests.test_production_features.TestAutonomousBot" name="test_create_conservative_bot" time="0.032" /><testcase classname="tests.test_production_features.TestAutonomousBot" name="test_create_moderate_bot" time="0.033" /><testcase classname="tests.test_production_features.TestAutonomousBot" name="test_create_aggressive_bot" time="0.036" /><testcase classname="tests.test_production_features.TestAutonomousBot" name="test_get_bot" time="0.033" /><testcase classname="tests.test_production_features.TestAutonomousBot" name="test_set_bot_mode_semi_auto" time="0.033" /><testcase classname="tests.test_production_features.TestAutonomousBot" name="test_set_bot_mode_full_auto" time="0.076" /><testcase classname="tests.test_production_features.TestAutonomousBot" name="test_set_bot_mode_paused" time="0.037" /><testcase classname="tests.test_production_features.TestAutonomousBot" name="test_trigger_market_analysis" time="0.042" /><testcase classname="tests.test_production_features.TestAutonomousBot" name="test_get_bot_performance" time="0.037" /><testcase classname="tests.test_production_features.TestAutonomousBot" name="test_get_pending_signals" time="0.033" /><testcase classname="tests.test_production_features.TestAutonomousBot" name="test_get_user_bots" time="0.034" /><testcase classname="tests.test_production_features.TestTrainingSystem" name="test_get_training_content" time="0.033" /><testcase classname="tests.test_production_features.TestTrainingSystem" name="test_get_user_progress" time="0.042" /><testcase classname="tests.test_production_features.TestTrainingSystem" name="test_complete_tutorial" time="0.105"><failure message="assert False == True">tests/test_production_features.py:529: in test_complete_tutorial
    assert data["success"] == True
E   assert False == True</failure></testcase><testcase classname="tests.test_production_features.TestTrainingSystem" name="test_complete_lesson" time="0.069"><failure message="assert False == True">tests/test_production_features.py:556: in test_complete_lesson
    assert data["success"] == True
E   assert False == True</failure></testcase><testcase classname="tests.test_production_features.TestTrainingSystem" name="test_run_backtest" time="0.038"><failure message="AssertionError: assert 'max_drawdown' in {'avg_loss_percent': 1.1124208233450197, 'avg_win_percent': 2.3744899042027674, 'equity_curve': [{'drawdown': 0, 'equity': 10020.66, 'index': 0}, {'drawdown': 0, 'equity': 10187.41, 'index': 1}, {'drawdown': 0, 'equity': 10228.37, 'index': 2}, {'drawdown': 0.6526859882172291, 'equity': 10161.61, 'index': 3}, {'drawdown': 0.8235392250317285, 'equity': 10144.14, 'index': 4}, {'drawdown': 2.2065659747470425, 'equity': 10002.67, 'index': 5}, ...], 'final_balance': 10055.466156536984, ...}">tests/test_production_features.py:584: in test_run_backtest
    assert "max_drawdown" in results
E   AssertionError: assert 'max_drawdown' in {'avg_loss_percent': 1.1124208233450197, 'avg_win_percent': 2.3744899042027674, 'equity_curve': [{'drawdown': 0, 'equity': 10020.66, 'index': 0}, {'drawdown': 0, 'equity': 10187.41, 'index': 1}, {'drawdown': 0, 'equity': 10228.37, 'index': 2}, {'drawdown': 0.6526859882172291, 'equity': 10161.61, 'index': 3}, {'drawdown': 0.8235392250317285, 'equity': 10144.14, 'index': 4}, {'drawdown': 2.2065659747470425, 'equity': 10002.67, 'index': 5}, ...], 'final_balance': 10055.466156536984, ...}</failure></testcase><testcase classname="tests.test_production_features.TestExchangeIntegration" name="test_get_supported_exchanges" time="0.032"><failure message="AssertionError: assert 'testnet' in {'features': ['spot', 'futures', 'margin'], 'id': 'binance', 'name': 'Binance', 'supported': True, ...}">tests/test_production_features.py:617: in test_get_supported_exchanges
    assert "testnet" in exchange  # Actual key name
    ^^^^^^^^^^^^^^^^^^^^^^^^^^^^
E   AssertionError: assert 'testnet' in {'features': ['spot', 'futures', 'margin'], 'id': 'binance', 'name': 'Binance', 'supported': True, ...}</failure></testcase><testcase classname="tests.test_production_features.TestSocialIntegration" name="test_get_social_trending" time="0.036" /><testcase classname="tests.test_production_features.TestSocialIntegration" name="test_get_symbol_sentiment" time="0.028"><failure message="AssertionError: assert 'sentiment' in {'key_influencers': [{'followers': 125000, 'name': '@CryptoTrader1', 'sentiment': 'bullish'}, {'followers': 89000, 'name': '@MarketAnalyst', 'sentiment': 'bullish'}, {'followers': 67000, 'name': '@WhaleWatch', 'sentiment': 'neutral'}], 'mentions_24h': 45230, 'mentions_change': 15.3, 'sentiment_label': 'Very Bullish', ...}">tests/test_production_features.py:667: in test_get_symbol_sentiment
    assert "sentiment" in data  # Actual key name
    ^^^^^^^^^^^^^^^^^^^^^^^^^^
E   AssertionError: assert 'sentiment' in {'key_influencers': [{'followers': 125000, 'name': '@CryptoTrader1', 'sentiment': 'bullish'}, {'followers': 89000, 'name': '@MarketAnalyst', 'sentiment': 'bullish'}, {'followers': 67000, 'name': '@WhaleWatch', 'sentiment': 'neutral'}], 'mentions_24h': 45230, 'mentions_change': 15.3, 'sentiment_label': 'Very Bullish', ...}</failure></testcase><testcase classname="tests.test_production_features.TestIntegrationFlows" name="test_full_trading_flow" time="0.261" /><testcase classname="tests.test_production_features.TestIntegrationFlows" name="test_bot_with_playground_integration" time="0.109" /></testsuite></testsuites>