<?xml version="1.0" encoding="utf-8"?><testsuites name="pytest tests"><testsuite name="pytest" errors="0" failures="0" skipped="0" tests="28" time="65.913" timestamp="2026-01-21T08:46:12.873787+00:00" hostname="agent-env-6527de6d-2328-4d8a-8e11-72ad1e6d6fcb"><testcase classname="tests.test_p6_features.TestTradingJournal" name="test_daily_summary_returns_data" time="0.054" /><testcase classname="tests.test_p6_features.TestTradingJournal" name="test_daily_summary_has_trades_stats" time="0.041" /><testcase classname="tests.test_p6_features.TestTradingJournal" name="test_daily_summary_has_pnl" time="0.036" /><testcase classname="tests.test_p6_features.TestTradingJournal" name="test_daily_summary_has_best_worst_trades" time="0.041" /><testcase classname="tests.test_p6_features.TestTradingJournal" name="test_daily_summary_has_ai_insights" time="0.035" /><testcase classname="tests.test_p6_features.TestTradingJournal" name="test_weekly_summary_returns_data" time="32.060" /><testcase classname="tests.test_p6_features.TestTradingJournal" name="test_weekly_summary_has_daily_breakdown" time="31.607" /><testcase classname="tests.test_p6_features.TestTradingJournal" name="test_add_journal_note" time="0.072" /><testcase classname="tests.test_p6_features.TestPortfolioLeaderboard" name="test_public_portfolios_returns_data" time="0.037" /><testcase classname="tests.test_p6_features.TestPortfolioLeaderboard" name="test_portfolios_have_required_fields" time="0.034" /><testcase classname="tests.test_p6_features.TestPortfolioLeaderboard" name="test_portfolios_sorted_by_value" time="0.043" /><testcase classname="tests.test_p6_features.TestPortfolioLeaderboard" name="test_portfolios_have_rankings" time="0.035" /><testcase classname="tests.test_p6_features.TestPortfolioLeaderboard" name="test_portfolios_have_top_holdings" time="0.034" /><testcase classname="tests.test_p6_features.TestPortfolioLeaderboard" name="test_sort_by_daily_pnl" time="0.041" /><testcase classname="tests.test_p6_features.TestPortfolioLeaderboard" name="test_sort_by_win_rate" time="0.035" /><testcase classname="tests.test_p6_features.TestPortfolioLeaderboard" name="test_sort_by_followers" time="0.032" /><testcase classname="tests.test_p6_features.TestSocialSignals" name="test_trending_returns_data" time="0.037" /><testcase classname="tests.test_p6_features.TestSocialSignals" name="test_fear_greed_index_valid" time="0.033" /><testcase classname="tests.test_p6_features.TestSocialSignals" name="test_trending_topics_structure" time="0.031" /><testcase classname="tests.test_p6_features.TestSocialSignals" name="test_trending_has_sample_tweets" time="0.035" /><testcase classname="tests.test_p6_features.TestSocialSignals" name="test_sentiment_score_valid" time="0.033" /><testcase classname="tests.test_p6_features.TestSocialSignals" name="test_symbol_sentiment_btc" time="0.033" /><testcase classname="tests.test_p6_features.TestSocialSignals" name="test_symbol_sentiment_eth" time="0.031" /><testcase classname="tests.test_p6_features.TestSocialSignals" name="test_symbol_sentiment_sources" time="0.038" /><testcase classname="tests.test_p6_features.TestSocialSignals" name="test_symbol_sentiment_influencers" time="0.034" /><testcase classname="tests.test_p6_features.TestExistingAPIs" name="test_root_endpoint" time="0.036" /><testcase classname="tests.test_p6_features.TestExistingAPIs" name="test_market_prices" time="0.097" /><testcase classname="tests.test_p6_features.TestExistingAPIs" name="test_avatar_insight" time="1.176" /></testsuite></testsuites>