<?xml version="1.0" encoding="utf-8"?><testsuites name="pytest tests"><testsuite name="pytest" errors="0" failures="0" skipped="0" tests="18" time="1.028" timestamp="2026-01-21T10:25:05.044505+00:00" hostname="agent-env-49b61a59-a7b7-4c8c-b47c-138653a2edb1"><testcase classname="tests.test_ml_competitions.TestMLPredictions" name="test_comprehensive_prediction_btc" time="0.071" /><testcase classname="tests.test_ml_competitions.TestMLPredictions" name="test_comprehensive_prediction_eth" time="0.037" /><testcase classname="tests.test_ml_competitions.TestMLPredictions" name="test_price_direction_prediction" time="0.038" /><testcase classname="tests.test_ml_competitions.TestMLPredictions" name="test_volatility_prediction" time="0.032" /><testcase classname="tests.test_ml_competitions.TestMLPredictions" name="test_trend_prediction" time="0.038" /><testcase classname="tests.test_ml_competitions.TestMLPredictions" name="test_ml_accuracy_stats" time="0.113" /><testcase classname="tests.test_ml_competitions.TestTradingCompetitions" name="test_get_active_competitions" time="0.037" /><testcase classname="tests.test_ml_competitions.TestTradingCompetitions" name="test_create_daily_challenge" time="0.078" /><testcase classname="tests.test_ml_competitions.TestTradingCompetitions" name="test_create_themed_moon_mission" time="0.037" /><testcase classname="tests.test_ml_competitions.TestTradingCompetitions" name="test_create_themed_bear_market" time="0.070" /><testcase classname="tests.test_ml_competitions.TestTradingCompetitions" name="test_create_themed_steady_hands" time="0.038" /><testcase classname="tests.test_ml_competitions.TestTradingCompetitions" name="test_create_themed_speed_trader" time="0.044" /><testcase classname="tests.test_ml_competitions.TestTradingCompetitions" name="test_get_user_competition_stats" time="0.039" /><testcase classname="tests.test_ml_competitions.TestTradingCompetitions" name="test_get_global_leaderboard" time="0.034" /><testcase classname="tests.test_ml_competitions.TestTradingCompetitions" name="test_join_competition" time="0.078" /><testcase classname="tests.test_ml_competitions.TestTradingCompetitions" name="test_get_competition_leaderboard" time="0.074" /><testcase classname="tests.test_ml_competitions.TestBenzingaNews" name="test_frontend_benzinga_component_exists" time="0.000" /><testcase classname="tests.test_ml_competitions.TestNavigationTabs" name="test_app_js_has_new_tabs" time="0.000" /></testsuite></testsuites>