<?xml version="1.0" encoding="utf-8"?><testsuites name="pytest tests"><testsuite name="pytest" errors="0" failures="2" skipped="0" tests="22" time="10.633" timestamp="2026-01-30T18:30:03.134342+00:00" hostname="agent-env-40151486-09b7-41cc-b722-08125ff61136"><testcase classname="backend.tests.test_ai_trading_agents.TestAgentTemplates" name="test_get_templates_returns_200" time="8.155" /><testcase classname="backend.tests.test_ai_trading_agents.TestAgentTemplates" name="test_get_templates_returns_6_templates" time="0.066" /><testcase classname="backend.tests.test_ai_trading_agents.TestAgentTemplates" name="test_templates_have_required_fields" time="0.049" /><testcase classname="backend.tests.test_ai_trading_agents.TestAgentTemplates" name="test_templates_include_expected_strategies" time="0.050" /><testcase classname="backend.tests.test_ai_trading_agents.TestCreateAgent" name="test_create_agent_returns_success" time="0.051" /><testcase classname="backend.tests.test_ai_trading_agents.TestCreateAgent" name="test_create_agent_returns_agent_data" time="0.048" /><testcase classname="backend.tests.test_ai_trading_agents.TestCreateFromTemplate" name="test_create_from_template_momentum_hunter" time="0.050" /><testcase classname="backend.tests.test_ai_trading_agents.TestCreateFromTemplate" name="test_create_from_template_mean_reversion" time="0.051" /><testcase classname="backend.tests.test_ai_trading_agents.TestCreateFromTemplate" name="test_create_from_invalid_template_fails" time="0.045"><failure message="AssertionError: Expected error status, got 200&#10;assert 200 in [400, 500]&#10; +  where 200 = &lt;Response [200]&gt;.status_code">backend/tests/test_ai_trading_agents.py:113: in test_create_from_invalid_template_fails
    assert response.status_code in [400, 500], f"Expected error status, got {response.status_code}"
E   AssertionError: Expected error status, got 200
E   assert 200 in [400, 500]
E    +  where 200 = &lt;Response [200]&gt;.status_code</failure></testcase><testcase classname="backend.tests.test_ai_trading_agents.TestGetUserAgents" name="test_get_user_agents_returns_list" time="0.073" /><testcase classname="backend.tests.test_ai_trading_agents.TestGetUserAgents" name="test_created_agent_appears_in_list" time="0.107" /><testcase classname="backend.tests.test_ai_trading_agents.TestAgentActivateAndPause" name="test_activate_agent" time="0.112" /><testcase classname="backend.tests.test_ai_trading_agents.TestAgentActivateAndPause" name="test_pause_agent" time="0.179" /><testcase classname="backend.tests.test_ai_trading_agents.TestAgentActivateAndPause" name="test_activate_invalid_agent_fails" time="0.055"><failure message="assert 200 in [404, 400, 500]&#10; +  where 200 = &lt;Response [200]&gt;.status_code">backend/tests/test_ai_trading_agents.py:181: in test_activate_invalid_agent_fails
    assert response.status_code in [404, 400, 500]
E   assert 200 in [404, 400, 500]
E    +  where 200 = &lt;Response [200]&gt;.status_code</failure></testcase><testcase classname="backend.tests.test_ai_trading_agents.TestDeleteAgent" name="test_delete_agent" time="0.122" /><testcase classname="backend.tests.test_ai_trading_agents.TestDeleteAgent" name="test_deleted_agent_not_in_list" time="0.172" /><testcase classname="backend.tests.test_ai_trading_agents.TestAgentAnalyze" name="test_analyze_market_returns_decision" time="0.146" /><testcase classname="backend.tests.test_ai_trading_agents.TestAgentAnalyze" name="test_analyze_decision_has_required_fields" time="0.214" /><testcase classname="backend.tests.test_ai_trading_agents.TestAgentChat" name="test_chat_returns_response" time="0.112" /><testcase classname="backend.tests.test_ai_trading_agents.TestAgentChat" name="test_chat_includes_agent_info" time="0.111" /><testcase classname="backend.tests.test_ai_trading_agents.TestAgentChat" name="test_chat_with_invalid_agent_fails" time="0.061" /><testcase classname="backend.tests.test_ai_trading_agents.TestAgentIntegration" name="test_full_agent_lifecycle" time="0.298" /></testsuite></testsuites>