<?xml version="1.0" encoding="utf-8"?><testsuites name="pytest tests"><testsuite name="pytest" errors="0" failures="0" skipped="0" tests="17" time="1.092" timestamp="2026-01-30T20:13:48.302875+00:00" hostname="agent-env-40151486-09b7-41cc-b722-08125ff61136"><testcase classname="backend.tests.test_sota_features.TestHealthAndBasics" name="test_api_health" time="0.079" /><testcase classname="backend.tests.test_sota_features.TestHealthAndBasics" name="test_market_prices" time="0.129" /><testcase classname="backend.tests.test_sota_features.TestGlassBoxPricing" name="test_get_fee_schedule" time="0.044" /><testcase classname="backend.tests.test_sota_features.TestGlassBoxPricing" name="test_post_pricing_estimate" time="0.043" /><testcase classname="backend.tests.test_sota_features.TestGlassBoxPricing" name="test_get_competitor_comparison" time="0.045" /><testcase classname="backend.tests.test_sota_features.TestAITradingAgents" name="test_get_templates" time="0.039" /><testcase classname="backend.tests.test_sota_features.TestAITradingAgents" name="test_create_agent" time="0.041" /><testcase classname="backend.tests.test_sota_features.TestAITradingAgents" name="test_get_user_agents" time="0.117" /><testcase classname="backend.tests.test_sota_features.TestAITradingAgents" name="test_activate_agent" time="0.082" /><testcase classname="backend.tests.test_sota_features.TestPushNotifications" name="test_get_notification_stats" time="0.040" /><testcase classname="backend.tests.test_sota_features.TestPushNotifications" name="test_register_device" time="0.102" /><testcase classname="backend.tests.test_sota_features.TestPushNotifications" name="test_get_preferences" time="0.042" /><testcase classname="backend.tests.test_sota_features.TestCopyTradingWebSocket" name="test_copy_trading_stats" time="0.038" /><testcase classname="backend.tests.test_sota_features.TestCopyTradingWebSocket" name="test_copy_trading_events" time="0.037" /><testcase classname="backend.tests.test_sota_features.TestCopyTradingWebSocket" name="test_simulate_trade" time="0.037" /><testcase classname="backend.tests.test_sota_features.TestExecutionAuditTrail" name="test_execution_receipt" time="0.042" /><testcase classname="backend.tests.test_sota_features.TestMonthlyReport" name="test_monthly_report" time="0.043" /></testsuite></testsuites>