<?xml version="1.0" encoding="utf-8"?><testsuites name="pytest tests"><testsuite name="pytest" errors="0" failures="0" skipped="0" tests="32" time="1.821" timestamp="2026-01-21T09:16:29.121548+00:00" hostname="agent-env-6527de6d-2328-4d8a-8e11-72ad1e6d6fcb"><testcase classname="tests.test_production_features.TestHealthAndBasics" name="test_api_health" time="0.064" /><testcase classname="tests.test_production_features.TestHealthAndBasics" name="test_market_prices" time="0.114" /><testcase classname="tests.test_production_features.TestTradingPlayground" name="test_create_playground_account" time="0.034" /><testcase classname="tests.test_production_features.TestTradingPlayground" name="test_get_playground_account" time="0.039" /><testcase classname="tests.test_production_features.TestTradingPlayground" name="test_place_buy_order" time="0.045" /><testcase classname="tests.test_production_features.TestTradingPlayground" name="test_view_positions_after_buy" time="0.041" /><testcase classname="tests.test_production_features.TestTradingPlayground" name="test_place_sell_order" time="0.035" /><testcase classname="tests.test_production_features.TestTradingPlayground" name="test_account_balance_after_trades" time="0.036" /><testcase classname="tests.test_production_features.TestTradingPlayground" name="test_reset_account" time="0.074" /><testcase classname="tests.test_production_features.TestTradingPlayground" name="test_playground_leaderboard" time="0.039" /><testcase classname="tests.test_production_features.TestAutonomousBot" name="test_create_bot_account_first" time="0.045" /><testcase classname="tests.test_production_features.TestAutonomousBot" name="test_create_conservative_bot" time="0.043" /><testcase classname="tests.test_production_features.TestAutonomousBot" name="test_create_moderate_bot" time="0.036" /><testcase classname="tests.test_production_features.TestAutonomousBot" name="test_create_aggressive_bot" time="0.038" /><testcase classname="tests.test_production_features.TestAutonomousBot" name="test_get_bot" time="0.031" /><testcase classname="tests.test_production_features.TestAutonomousBot" name="test_set_bot_mode_semi_auto" time="0.033" /><testcase classname="tests.test_production_features.TestAutonomousBot" name="test_set_bot_mode_full_auto" time="0.037" /><testcase classname="tests.test_production_features.TestAutonomousBot" name="test_set_bot_mode_paused" time="0.035" /><testcase classname="tests.test_production_features.TestAutonomousBot" name="test_trigger_market_analysis" time="0.042" /><testcase classname="tests.test_production_features.TestAutonomousBot" name="test_get_bot_performance" time="0.034" /><testcase classname="tests.test_production_features.TestAutonomousBot" name="test_get_pending_signals" time="0.043" /><testcase classname="tests.test_production_features.TestAutonomousBot" name="test_get_user_bots" time="0.034" /><testcase classname="tests.test_production_features.TestTrainingSystem" name="test_get_training_content" time="0.034" /><testcase classname="tests.test_production_features.TestTrainingSystem" name="test_get_user_progress" time="0.036" /><testcase classname="tests.test_production_features.TestTrainingSystem" name="test_complete_tutorial" time="0.134" /><testcase classname="tests.test_production_features.TestTrainingSystem" name="test_complete_lesson" time="0.100" /><testcase classname="tests.test_production_features.TestTrainingSystem" name="test_run_backtest" time="0.039" /><testcase classname="tests.test_production_features.TestExchangeIntegration" name="test_get_supported_exchanges" time="0.033" /><testcase classname="tests.test_production_features.TestSocialIntegration" name="test_get_social_trending" time="0.034" /><testcase classname="tests.test_production_features.TestSocialIntegration" name="test_get_symbol_sentiment" time="0.031" /><testcase classname="tests.test_production_features.TestIntegrationFlows" name="test_full_trading_flow" time="0.174" /><testcase classname="tests.test_production_features.TestIntegrationFlows" name="test_bot_with_playground_integration" time="0.107" /></testsuite></testsuites>