<?xml version="1.0" encoding="utf-8"?><testsuites name="pytest tests"><testsuite name="pytest" errors="0" failures="0" skipped="0" tests="27" time="39.786" timestamp="2026-01-21T07:46:32.166745+00:00" hostname="agent-env-5cae1713-c47c-4151-bdba-6cc4fa29881c"><testcase classname="tests.test_p5_enhanced.TestVoiceCommandAPI" name="test_voice_command_buy_btc" time="1.509" /><testcase classname="tests.test_p5_enhanced.TestVoiceCommandAPI" name="test_voice_command_sell_eth" time="1.211" /><testcase classname="tests.test_p5_enhanced.TestVoiceCommandAPI" name="test_voice_command_check_price" time="2.232" /><testcase classname="tests.test_p5_enhanced.TestVoiceCommandAPI" name="test_voice_command_set_alert" time="1.703" /><testcase classname="tests.test_p5_enhanced.TestVoiceCommandAPI" name="test_voice_command_returns_audio" time="2.274" /><testcase classname="tests.test_p5_enhanced.TestVoiceCommandAPI" name="test_voice_command_sell_sol" time="2.344" /><testcase classname="tests.test_p5_enhanced.TestVoiceCommandAPI" name="test_voice_command_market_status" time="1.264" /><testcase classname="tests.test_p5_enhanced.TestVoiceCommandAPI" name="test_voice_command_help" time="3.208" /><testcase classname="tests.test_p5_enhanced.TestTradeAnnouncementAPI" name="test_announce_trade_buy" time="2.396" /><testcase classname="tests.test_p5_enhanced.TestTradeAnnouncementAPI" name="test_announce_trade_with_profit" time="2.388" /><testcase classname="tests.test_p5_enhanced.TestTradeAnnouncementAPI" name="test_announce_trade_with_loss" time="2.193" /><testcase classname="tests.test_p5_enhanced.TestTradeAnnouncementAPI" name="test_announce_trade_returns_audio" time="1.974" /><testcase classname="tests.test_p5_enhanced.TestRealWhaleTransactionsAPI" name="test_whale_transactions_endpoint" time="1.867" /><testcase classname="tests.test_p5_enhanced.TestRealWhaleTransactionsAPI" name="test_whale_transactions_structure" time="1.972" /><testcase classname="tests.test_p5_enhanced.TestRealWhaleTransactionsAPI" name="test_whale_transactions_block_height" time="2.245" /><testcase classname="tests.test_p5_enhanced.TestRealCryptoNewsAPI" name="test_crypto_news_endpoint" time="0.312" /><testcase classname="tests.test_p5_enhanced.TestRealCryptoNewsAPI" name="test_crypto_news_structure" time="1.763" /><testcase classname="tests.test_p5_enhanced.TestRealCryptoNewsAPI" name="test_crypto_news_has_multiple_items" time="0.248" /><testcase classname="tests.test_p5_enhanced.TestAvatarInsightAPI" name="test_avatar_insight_basic" time="1.204" /><testcase classname="tests.test_p5_enhanced.TestAvatarInsightAPI" name="test_avatar_insight_bullish_context" time="2.243" /><testcase classname="tests.test_p5_enhanced.TestAvatarInsightAPI" name="test_avatar_insight_bearish_context" time="1.585" /><testcase classname="tests.test_p5_enhanced.TestAvatarInsightAPI" name="test_avatar_insight_returns_audio" time="1.361" /><testcase classname="tests.test_p5_enhanced.TestAvatarVoicesAPI" name="test_avatar_voices_endpoint" time="0.041" /><testcase classname="tests.test_p5_enhanced.TestAvatarVoicesAPI" name="test_avatar_voices_structure" time="0.032" /><testcase classname="tests.test_p5_enhanced.TestExistingAPIs" name="test_market_prices" time="0.038" /><testcase classname="tests.test_p5_enhanced.TestExistingAPIs" name="test_crawler_signals" time="0.036" /><testcase classname="tests.test_p5_enhanced.TestExistingAPIs" name="test_root_endpoint" time="0.038" /></testsuite></testsuites>