<?xml version="1.0" encoding="utf-8"?><testsuites name="pytest tests"><testsuite name="pytest" errors="0" failures="0" skipped="0" tests="21" time="1.886" timestamp="2026-01-29T18:42:59.055565+00:00" hostname="agent-env-adab9ffe-3dc8-46ea-9b4d-ea92c320ef05"><testcase classname="backend.tests.test_supply_chain_alerts.TestSupplyChainAlertPresets" name="test_get_presets_returns_200" time="0.080" /><testcase classname="backend.tests.test_supply_chain_alerts.TestSupplyChainAlertPresets" name="test_get_presets_returns_6_presets" time="0.041" /><testcase classname="backend.tests.test_supply_chain_alerts.TestSupplyChainAlertPresets" name="test_presets_have_required_fields" time="0.038" /><testcase classname="backend.tests.test_supply_chain_alerts.TestSupplyChainAlertPresets" name="test_presets_have_valid_alert_types" time="0.120" /><testcase classname="backend.tests.test_supply_chain_alerts.TestSupplyChainAlertStats" name="test_get_stats_returns_200" time="0.037" /><testcase classname="backend.tests.test_supply_chain_alerts.TestSupplyChainAlertStats" name="test_stats_have_required_fields" time="0.037" /><testcase classname="backend.tests.test_supply_chain_alerts.TestSupplyChainAlertStats" name="test_stats_values_are_integers" time="0.038" /><testcase classname="backend.tests.test_supply_chain_alerts.TestSupplyChainAlertCRUD" name="test_create_alert_returns_success" time="0.080" /><testcase classname="backend.tests.test_supply_chain_alerts.TestSupplyChainAlertCRUD" name="test_create_alert_returns_alert_with_id" time="0.324" /><testcase classname="backend.tests.test_supply_chain_alerts.TestSupplyChainAlertCRUD" name="test_create_alert_has_correct_data" time="0.092" /><testcase classname="backend.tests.test_supply_chain_alerts.TestSupplyChainAlertCRUD" name="test_get_user_alerts_returns_list" time="0.039" /><testcase classname="backend.tests.test_supply_chain_alerts.TestSupplyChainAlertCRUD" name="test_update_alert_disable" time="0.155" /><testcase classname="backend.tests.test_supply_chain_alerts.TestSupplyChainAlertCRUD" name="test_update_alert_threshold" time="0.162" /><testcase classname="backend.tests.test_supply_chain_alerts.TestSupplyChainAlertCRUD" name="test_delete_alert" time="0.084" /><testcase classname="backend.tests.test_supply_chain_alerts.TestSupplyChainAlertCRUD" name="test_delete_nonexistent_alert" time="0.043" /><testcase classname="backend.tests.test_supply_chain_alerts.TestSupplyChainAlertHistory" name="test_get_history_returns_200" time="0.038" /><testcase classname="backend.tests.test_supply_chain_alerts.TestSupplyChainAlertHistory" name="test_get_history_returns_list" time="0.040" /><testcase classname="backend.tests.test_supply_chain_alerts.TestSupplyChainAlertCheck" name="test_check_alerts_returns_200" time="0.039" /><testcase classname="backend.tests.test_supply_chain_alerts.TestSupplyChainAlertCheck" name="test_check_alerts_returns_required_fields" time="0.035" /><testcase classname="backend.tests.test_supply_chain_alerts.TestSupplyChainAlertCheck" name="test_check_alerts_triggered_is_list" time="0.046" /><testcase classname="backend.tests.test_supply_chain_alerts.TestSupplyChainAlertIntegration" name="test_full_alert_lifecycle" time="0.240" /></testsuite></testsuites>