<?xml version="1.0" encoding="utf-8"?><testsuites name="pytest tests"><testsuite name="pytest" errors="0" failures="0" skipped="0" tests="21" time="1.240" timestamp="2026-01-29T15:18:56.761314+00:00" hostname="agent-env-6bcbbc41-96cf-4541-be8c-e7d7400e39bd"><testcase classname="backend.tests.test_quant_api.TestMacroEngine" name="test_dalio_principles" time="0.113" /><testcase classname="backend.tests.test_quant_api.TestMacroEngine" name="test_economic_indicators" time="0.036" /><testcase classname="backend.tests.test_quant_api.TestMacroEngine" name="test_debt_cycle_analysis" time="0.077" /><testcase classname="backend.tests.test_quant_api.TestMacroEngine" name="test_economic_phase" time="0.040" /><testcase classname="backend.tests.test_quant_api.TestMacroEngine" name="test_central_banks" time="0.040" /><testcase classname="backend.tests.test_quant_api.TestMacroEngine" name="test_global_liquidity" time="0.035" /><testcase classname="backend.tests.test_quant_api.TestInefficiencyDetector" name="test_inefficiency_summary" time="0.041" /><testcase classname="backend.tests.test_quant_api.TestInefficiencyDetector" name="test_inefficiency_signals" time="0.043" /><testcase classname="backend.tests.test_quant_api.TestInefficiencyDetector" name="test_pairs_trades" time="0.077" /><testcase classname="backend.tests.test_quant_api.TestPortfolioOptimizer" name="test_all_weather_portfolio" time="0.044" /><testcase classname="backend.tests.test_quant_api.TestPortfolioOptimizer" name="test_portfolio_strategies" time="0.045" /><testcase classname="backend.tests.test_quant_api.TestPortfolioOptimizer" name="test_risk_parity_portfolio" time="0.133" /><testcase classname="backend.tests.test_quant_api.TestPortfolioOptimizer" name="test_pure_alpha_strategy" time="0.038" /><testcase classname="backend.tests.test_quant_api.TestPortfolioOptimizer" name="test_drawdown_protection" time="0.039" /><testcase classname="backend.tests.test_quant_api.TestAIResearchAnalyst" name="test_ai_status" time="0.039" /><testcase classname="backend.tests.test_quant_api.TestInstitutionalDashboard" name="test_systemic_risk_dashboard" time="0.043" /><testcase classname="backend.tests.test_quant_api.TestInstitutionalDashboard" name="test_hedge_fund_advisory" time="0.038" /><testcase classname="backend.tests.test_quant_api.TestInstitutionalDashboard" name="test_central_bank_advisory" time="0.040" /><testcase classname="backend.tests.test_quant_api.TestInstitutionalDashboard" name="test_government_advisory" time="0.039" /><testcase classname="backend.tests.test_quant_api.TestInstitutionalDashboard" name="test_client_types" time="0.035" /><testcase classname="backend.tests.test_quant_api.TestInstitutionalDashboard" name="test_invalid_client_type" time="0.038" /></testsuite></testsuites>