<?xml version="1.0" encoding="utf-8"?><testsuites name="pytest tests"><testsuite name="pytest" errors="0" failures="9" skipped="0" tests="35" time="11.913" timestamp="2026-01-22T06:04:53.083690+00:00" hostname="agent-env-c3137fa5-4cbc-49d6-baa9-5e8f6b1c48e1"><testcase classname="tests.test_backend_api.TestHealthAndRoot" name="test_api_root" time="0.079" /><testcase classname="tests.test_backend_api.TestMarketData" name="test_get_all_market_prices" time="0.112" /><testcase classname="tests.test_backend_api.TestMarketData" name="test_get_btc_price" time="0.102" /><testcase classname="tests.test_backend_api.TestMarketData" name="test_get_eth_price" time="0.101" /><testcase classname="tests.test_backend_api.TestMarketData" name="test_get_spy_price" time="0.038" /><testcase classname="tests.test_backend_api.TestMarketData" name="test_get_price_history" time="0.102" /><testcase classname="tests.test_backend_api.TestMarketData" name="test_invalid_symbol" time="0.081" /><testcase classname="tests.test_backend_api.TestMLPredictions" name="test_comprehensive_prediction" time="0.075"><failure message="AssertionError: assert 'prediction' in {'ai_analysis': 'BTC is consolidating with no clear directional bias. The market shows strong bearish conditions. Consider waiting for a clearer signal or trading the range. Volatility is moderate.', 'created_at': '2026-01-22T06:04:53.950963+00:00', 'entry_price': None, 'expires_at': '2026-01-23T06:04:53.950933+00:00', ...}">tests/test_backend_api.py:113: in test_comprehensive_prediction
    assert 'prediction' in data
E   AssertionError: assert 'prediction' in {'ai_analysis': 'BTC is consolidating with no clear directional bias. The market shows strong bearish conditions. Consider waiting for a clearer signal or trading the range. Volatility is moderate.', 'created_at': '2026-01-22T06:04:53.950963+00:00', 'entry_price': None, 'expires_at': '2026-01-23T06:04:53.950933+00:00', ...}</failure></testcase><testcase classname="tests.test_backend_api.TestMLPredictions" name="test_direction_prediction" time="0.037"><failure message="AssertionError: assert 'sideways' in ['UP', 'DOWN', 'NEUTRAL']">tests/test_backend_api.py:125: in test_direction_prediction
    assert data['direction'] in ['UP', 'DOWN', 'NEUTRAL']
E   AssertionError: assert 'sideways' in ['UP', 'DOWN', 'NEUTRAL']</failure></testcase><testcase classname="tests.test_backend_api.TestMLPredictions" name="test_volatility_prediction" time="0.075"><failure message="AssertionError: assert 'volatility' in {'confidence': 0.8149859449394616, 'expected_range_percent': 18.542663328392788, 'factors': ['RSI at extreme levels - expect increased volatility', 'Wide Bollinger Bands (27.7%) indicate high volatility'], 'horizon': '24h', ...}">tests/test_backend_api.py:133: in test_volatility_prediction
    assert 'volatility' in data
E   AssertionError: assert 'volatility' in {'confidence': 0.8149859449394616, 'expected_range_percent': 18.542663328392788, 'factors': ['RSI at extreme levels - expect increased volatility', 'Wide Bollinger Bands (27.7%) indicate high volatility'], 'horizon': '24h', ...}</failure></testcase><testcase classname="tests.test_backend_api.TestMLPredictions" name="test_trend_prediction" time="0.035"><failure message="AssertionError: assert 'trend' in {'confidence': 0.7307457975422139, 'direction': 'bullish', 'horizon': '24h', 'indicators': {'macd': 0.10056838240680577, 'momentum': -2.919660070606787, 'rsi': 59.53000009814104, 'sma_10': 138.30668936081878, ...}, ...}">tests/test_backend_api.py:141: in test_trend_prediction
    assert 'trend' in data
E   AssertionError: assert 'trend' in {'confidence': 0.7307457975422139, 'direction': 'bullish', 'horizon': '24h', 'indicators': {'macd': 0.10056838240680577, 'momentum': -2.919660070606787, 'rsi': 59.53000009814104, 'sma_10': 138.30668936081878, ...}, ...}</failure></testcase><testcase classname="tests.test_backend_api.TestMLPredictions" name="test_model_accuracy" time="0.040"><failure message="AssertionError: assert ('overall_accuracy' in {'overall': {'accuracy': 68.9, 'last_updated': '2026-01-22T06:04:54.174656+00:00'}, 'price_direction': {'accuracy': 68.5, 'correct_predictions': 856, 'total_predictions': 1250}, 'trend': {'accuracy': 65.8, 'correct_predictions': 724, 'total_predictions': 1100}, 'volatility': {'accuracy': 72.3, 'correct_predictions': 709, 'total_predictions': 980}} or 'accuracy' in {'overall': {'accuracy': 68.9, 'last_updated': '2026-01-22T06:04:54.174656+00:00'}, 'price_direction': {'accuracy': 68.5, 'correct_predictions': 856, 'total_predictions': 1250}, 'trend': {'accuracy': 65.8, 'correct_predictions': 724, 'total_predictions': 1100}, 'volatility': {'accuracy': 72.3, 'correct_predictions': 709, 'total_predictions': 980}})">tests/test_backend_api.py:149: in test_model_accuracy
    assert 'overall_accuracy' in data or 'accuracy' in data
E   AssertionError: assert ('overall_accuracy' in {'overall': {'accuracy': 68.9, 'last_updated': '2026-01-22T06:04:54.174656+00:00'}, 'price_direction': {'accuracy': 68.5, 'correct_predictions': 856, 'total_predictions': 1250}, 'trend': {'accuracy': 65.8, 'correct_predictions': 724, 'total_predictions': 1100}, 'volatility': {'accuracy': 72.3, 'correct_predictions': 709, 'total_predictions': 980}} or 'accuracy' in {'overall': {'accuracy': 68.9, 'last_updated': '2026-01-22T06:04:54.174656+00:00'}, 'price_direction': {'accuracy': 68.5, 'correct_predictions': 856, 'total_predictions': 1250}, 'trend': {'accuracy': 65.8, 'correct_predictions': 724, 'total_predictions': 1100}, 'volatility': {'accuracy': 72.3, 'correct_predictions': 709, 'total_predictions': 980}})</failure></testcase><testcase classname="tests.test_backend_api.TestTradingCompetitions" name="test_get_active_competitions" time="0.065"><failure message="AssertionError: assert False&#10; +  where False = isinstance({'competitions': [{'allowed_symbols': ['BTC', 'ETH', 'SOL', 'XRP', 'ADA'], 'created_at': '2026-01-21T10:24:16.403920+00:00', 'created_by': 'system', 'description': 'Aggressive gains challenge! Go for maximum returns in a bull run simulation.', ...}, {'allowed_symbols': ['BTC', 'ETH', 'SOL', 'XRP', 'ADA'], 'created_at': '2026-01-21T10:25:05.685728+00:00', 'created_by': 'system', 'description': 'Aggressive gains challenge! Go for maximum returns in a bull run simulation.', ...}, {'allowed_symbols': ['BTC', 'ETH', 'SOL', 'XRP', 'ADA'], 'created_at': '2026-01-21T10:25:05.755523+00:00', 'created_by': 'system', 'description': 'Navigate a simulated bear market. The trader with the lowest drawdown wins!', ...}, {'allowed_symbols': ['BTC', 'ETH', 'SOL', 'XRP', 'ADA'], 'created_at': '2026-01-21T10:25:05.793783+00:00', 'created_by': 'system', 'description': 'Consistency is key. Best Sharpe ratio wins!', ...}]}, list)">tests/test_backend_api.py:161: in test_get_active_competitions
    assert isinstance(data, list)
E   AssertionError: assert False
E    +  where False = isinstance({'competitions': [{'allowed_symbols': ['BTC', 'ETH', 'SOL', 'XRP', 'ADA'], 'created_at': '2026-01-21T10:24:16.403920+00:00', 'created_by': 'system', 'description': 'Aggressive gains challenge! Go for maximum returns in a bull run simulation.', ...}, {'allowed_symbols': ['BTC', 'ETH', 'SOL', 'XRP', 'ADA'], 'created_at': '2026-01-21T10:25:05.685728+00:00', 'created_by': 'system', 'description': 'Aggressive gains challenge! Go for maximum returns in a bull run simulation.', ...}, {'allowed_symbols': ['BTC', 'ETH', 'SOL', 'XRP', 'ADA'], 'created_at': '2026-01-21T10:25:05.755523+00:00', 'created_by': 'system', 'description': 'Navigate a simulated bear market. The trader with the lowest drawdown wins!', ...}, {'allowed_symbols': ['BTC', 'ETH', 'SOL', 'XRP', 'ADA'], 'created_at': '2026-01-21T10:25:05.793783+00:00', 'created_by': 'system', 'description': 'Consistency is key. Best Sharpe ratio wins!', ...}]}, list)</failure></testcase><testcase classname="tests.test_backend_api.TestTradingCompetitions" name="test_create_daily_challenge" time="0.042" /><testcase classname="tests.test_backend_api.TestTradingCompetitions" name="test_create_themed_competition" time="0.040" /><testcase classname="tests.test_backend_api.TestTradingCompetitions" name="test_user_competition_stats" time="0.044" /><testcase classname="tests.test_backend_api.TestTradingCompetitions" name="test_global_leaderboard" time="0.043"><failure message="AssertionError: assert False&#10; +  where False = isinstance({'leaderboard': []}, list)">tests/test_backend_api.py:191: in test_global_leaderboard
    assert isinstance(data, list)
E   AssertionError: assert False
E    +  where False = isinstance({'leaderboard': []}, list)</failure></testcase><testcase classname="tests.test_backend_api.TestAgentConsensus" name="test_request_consensus" time="7.163" /><testcase classname="tests.test_backend_api.TestOracleMemory" name="test_query_oracle" time="0.071"><failure message="assert 422 == 200&#10; +  where 422 = &lt;Response [422]&gt;.status_code">tests/test_backend_api.py:229: in test_query_oracle
    assert response.status_code == 200
E   assert 422 == 200
E    +  where 422 = &lt;Response [422]&gt;.status_code</failure></testcase><testcase classname="tests.test_backend_api.TestVoiceCommands" name="test_parse_buy_command" time="0.042" /><testcase classname="tests.test_backend_api.TestVoiceCommands" name="test_parse_sell_command" time="0.037" /><testcase classname="tests.test_backend_api.TestTradeExecution" name="test_execute_trade" time="0.096" /><testcase classname="tests.test_backend_api.TestTradeExecution" name="test_get_trade_history" time="0.055"><failure message="assert 520 == 200&#10; +  where 520 = &lt;Response [520]&gt;.status_code">tests/test_backend_api.py:293: in test_get_trade_history
    assert response.status_code == 200
E   assert 520 == 200
E    +  where 520 = &lt;Response [520]&gt;.status_code</failure></testcase><testcase classname="tests.test_backend_api.TestPriceAlerts" name="test_create_alert" time="0.047" /><testcase classname="tests.test_backend_api.TestPriceAlerts" name="test_get_alerts" time="0.037" /><testcase classname="tests.test_backend_api.TestCrawlerSignals" name="test_get_crawler_signals" time="0.072" /><testcase classname="tests.test_backend_api.TestCrawlerSignals" name="test_get_whale_transactions" time="0.042" /><testcase classname="tests.test_backend_api.TestCrawlerSignals" name="test_get_news_signals" time="0.048" /><testcase classname="tests.test_backend_api.TestPortfolio" name="test_get_portfolio_summary" time="0.034" /><testcase classname="tests.test_backend_api.TestUserState" name="test_get_mood_analysis" time="0.039" /><testcase classname="tests.test_backend_api.TestUserState" name="test_get_gesture" time="0.037" /><testcase classname="tests.test_backend_api.TestAvatar" name="test_get_available_voices" time="0.038" /><testcase classname="tests.test_backend_api.TestAvatar" name="test_avatar_insight" time="2.610" /><testcase classname="tests.test_backend_api.TestExport" name="test_export_trades_csv" time="0.034" /><testcase classname="tests.test_backend_api.TestExport" name="test_export_trades_pdf" time="0.043" /></testsuite></testsuites>