<?xml version="1.0" encoding="utf-8"?><testsuites name="pytest tests"><testsuite name="pytest" errors="0" failures="7" skipped="1" tests="18" time="21.379" timestamp="2026-01-30T20:12:00.939590+00:00" hostname="agent-env-40151486-09b7-41cc-b722-08125ff61136"><testcase classname="backend.tests.test_sota_features.TestHealthAndBasics" name="test_api_health" time="20.198" /><testcase classname="backend.tests.test_sota_features.TestHealthAndBasics" name="test_market_prices" time="0.081" /><testcase classname="backend.tests.test_sota_features.TestGlassBoxPricing" name="test_get_fee_schedule" time="0.046"><failure message="AssertionError: assert 'monthly_volume_min' in {'description': 'Standard trading with competitive fees', 'monthly_cost': 0, 'name': 'Free Tier'}">backend/tests/test_sota_features.py:53: in test_get_fee_schedule
    assert "monthly_volume_min" in tier_data
E   AssertionError: assert 'monthly_volume_min' in {'description': 'Standard trading with competitive fees', 'monthly_cost': 0, 'name': 'Free Tier'}</failure></testcase><testcase classname="backend.tests.test_sota_features.TestGlassBoxPricing" name="test_post_pricing_estimate" time="0.048"><failure message="AssertionError: assert 'breakdown' in {'asset': 'BTC', 'asset_class': 'crypto', 'best_ask': 45022.5, 'best_bid': 44977.5, ...}">backend/tests/test_sota_features.py:81: in test_post_pricing_estimate
    assert "breakdown" in data
E   AssertionError: assert 'breakdown' in {'asset': 'BTC', 'asset_class': 'crypto', 'best_ask': 45022.5, 'best_bid': 44977.5, ...}</failure></testcase><testcase classname="backend.tests.test_sota_features.TestGlassBoxPricing" name="test_get_competitor_comparison" time="0.052" /><testcase classname="backend.tests.test_sota_features.TestAITradingAgents" name="test_get_templates" time="0.043" /><testcase classname="backend.tests.test_sota_features.TestAITradingAgents" name="test_create_agent" time="0.082"><failure message="assert 'agent_id' in {'error': &quot;1 validation error for TradingAgentConfig\ndescription\n  Field required [type=missing, input_value={'agent_id': 'AGT-954768A...assets': ['BTC', 'ETH']}, input_type=dict]\n    For further information visit https://errors.pydantic.dev/2.12/v/missing&quot;, 'success': False}">backend/tests/test_sota_features.py:155: in test_create_agent
    assert "agent_id" in data
E   assert 'agent_id' in {'error': "1 validation error for TradingAgentConfig\ndescription\n  Field required [type=missing, input_value={'agent_id': 'AGT-954768A...assets': ['BTC', 'ETH']}, input_type=dict]\n    For further information visit https://errors.pydantic.dev/2.12/v/missing", 'success': False}</failure></testcase><testcase classname="backend.tests.test_sota_features.TestAITradingAgents" name="test_get_user_agents" time="0.084"><failure message="KeyError: 'agent_id'">backend/tests/test_sota_features.py:186: in test_get_user_agents
    assert created_agent["agent_id"] in agent_ids, "Created agent not found in list"
           ^^^^^^^^^^^^^^^^^^^^^^^^^
E   KeyError: 'agent_id'</failure></testcase><testcase classname="backend.tests.test_sota_features.TestAITradingAgents" name="test_activate_agent" time="0.080"><failure message="KeyError: 'agent_id'">backend/tests/test_sota_features.py:204: in test_activate_agent
    agent_id = create_response.json()["agent_id"]
               ^^^^^^^^^^^^^^^^^^^^^^^^^^^^^^^^^^
E   KeyError: 'agent_id'</failure></testcase><testcase classname="backend.tests.test_sota_features.TestPushNotifications" name="test_get_notification_stats" time="0.054" /><testcase classname="backend.tests.test_sota_features.TestPushNotifications" name="test_register_device" time="0.049"><failure message="assert (False == True or 'registered' in &quot;{'success': false, 'error': 'database objects do not implement truth value testing or bool(). please compare with none instead: database is not none'}&quot;)&#10; +  where False = &lt;built-in method get of dict object at 0xfe78d3629100&gt;('success')&#10; +    where &lt;built-in method get of dict object at 0xfe78d3629100&gt; = {'error': 'Database objects do not implement truth value testing or bool(). Please compare with None instead: database is not None', 'success': False}.get&#10; +  and   &quot;{'success': false, 'error': 'database objects do not implement truth value testing or bool(). please compare with none instead: database is not none'}&quot; = &lt;built-in method lower of str object at 0xfe78d32ff690&gt;()&#10; +    where &lt;built-in method lower of str object at 0xfe78d32ff690&gt; = &quot;{'success': False, 'error': 'Database objects do not implement truth value testing or bool(). Please compare with None instead: database is not None'}&quot;.lower&#10; +      where &quot;{'success': False, 'error': 'Database objects do not implement truth value testing or bool(). Please compare with None instead: database is not None'}&quot; = str({'error': 'Database objects do not implement truth value testing or bool(). Please compare with None instead: database is not None', 'success': False})">backend/tests/test_sota_features.py:245: in test_register_device
    assert data.get("success") == True or "registered" in str(data).lower()
E   assert (False == True or 'registered' in "{'success': false, 'error': 'database objects do not implement truth value testing or bool(). please compare with none instead: database is not none'}")
E    +  where False = &lt;built-in method get of dict object at 0xfe78d3629100&gt;('success')
E    +    where &lt;built-in method get of dict object at 0xfe78d3629100&gt; = {'error': 'Database objects do not implement truth value testing or bool(). Please compare with None instead: database is not None', 'success': False}.get
E    +  and   "{'success': false, 'error': 'database objects do not implement truth value testing or bool(). please compare with none instead: database is not none'}" = &lt;built-in method lower of str object at 0xfe78d32ff690&gt;()
E    +    where &lt;built-in method lower of str object at 0xfe78d32ff690&gt; = "{'success': False, 'error': 'Database objects do not implement truth value testing or bool(). Please compare with None instead: database is not None'}".lower
E    +      where "{'success': False, 'error': 'Database objects do not implement truth value testing or bool(). Please compare with None instead: database is not None'}" = str({'error': 'Database objects do not implement truth value testing or bool(). Please compare with None instead: database is not None', 'success': False})</failure></testcase><testcase classname="backend.tests.test_sota_features.TestPushNotifications" name="test_get_preferences" time="0.046" /><testcase classname="backend.tests.test_sota_features.TestCopyTradingWebSocket" name="test_copy_trading_stats" time="0.043" /><testcase classname="backend.tests.test_sota_features.TestCopyTradingWebSocket" name="test_copy_trading_events" time="0.040" /><testcase classname="backend.tests.test_sota_features.TestCopyTradingWebSocket" name="test_simulate_trade" time="0.059" /><testcase classname="backend.tests.test_sota_features.TestExecutionAuditTrail" name="test_execution_receipt" time="0.040"><failure message="AssertionError: assert 'cost_breakdown' in {'asset': 'AAPL', 'asset_class': 'equity', 'binance_estimated_cost_bps': 0.0, 'effective_cost_bps': 0.0, ...}">backend/tests/test_sota_features.py:329: in test_execution_receipt
    assert "cost_breakdown" in data
E   AssertionError: assert 'cost_breakdown' in {'asset': 'AAPL', 'asset_class': 'equity', 'binance_estimated_cost_bps': 0.0, 'effective_cost_bps': 0.0, ...}</failure></testcase><testcase classname="backend.tests.test_sota_features.TestRiskDashboard" name="test_portfolio_risk" time="0.041"><skipped type="pytest.skip" message="Endpoint not implemented">/app/backend/tests/test_sota_features.py:348: Endpoint not implemented</skipped></testcase><testcase classname="backend.tests.test_sota_features.TestMonthlyReport" name="test_monthly_report" time="0.044" /></testsuite></testsuites>