<?xml version="1.0" encoding="utf-8"?><testsuites name="pytest tests"><testsuite name="pytest" errors="0" failures="5" skipped="0" tests="32" time="1.796" timestamp="2026-01-21T09:14:05.236364+00:00" hostname="agent-env-6527de6d-2328-4d8a-8e11-72ad1e6d6fcb"><testcase classname="tests.test_production_features.TestHealthAndBasics" name="test_api_health" time="0.095" /><testcase classname="tests.test_production_features.TestHealthAndBasics" name="test_market_prices" time="0.040"><failure message="AssertionError: assert 'prices' in [{'change_24h': -1756.17, 'change_percent': -1.97, 'high_24h': 90959.52, 'low_24h': 87392.48, ...}, {'change_24h': -124.26, 'change_percent': -4.19, 'high_24h': 3024.18, 'low_24h': 2905.58, ...}, {'change_24h': -1.52, 'change_percent': -1.2, 'high_24h': 129.67, 'low_24h': 124.59, ...}, {'change_24h': -0.03, 'change_percent': -1.34, 'high_24h': 1.94, 'low_24h': 1.86, ...}, {'change_24h': -0.0, 'change_percent': -1.44, 'high_24h': 0.13, 'low_24h': 0.12, ...}, {'change_24h': -0.0, 'change_percent': -0.55, 'high_24h': 0.36, 'low_24h': 0.35, ...}, ...]">tests/test_production_features.py:29: in test_market_prices
    assert "prices" in data
E   AssertionError: assert 'prices' in [{'change_24h': -1756.17, 'change_percent': -1.97, 'high_24h': 90959.52, 'low_24h': 87392.48, ...}, {'change_24h': -124.26, 'change_percent': -4.19, 'high_24h': 3024.18, 'low_24h': 2905.58, ...}, {'change_24h': -1.52, 'change_percent': -1.2, 'high_24h': 129.67, 'low_24h': 124.59, ...}, {'change_24h': -0.03, 'change_percent': -1.34, 'high_24h': 1.94, 'low_24h': 1.86, ...}, {'change_24h': -0.0, 'change_percent': -1.44, 'high_24h': 0.13, 'low_24h': 0.12, ...}, {'change_24h': -0.0, 'change_percent': -0.55, 'high_24h': 0.36, 'low_24h': 0.35, ...}, ...]</failure></testcase><testcase classname="tests.test_production_features.TestTradingPlayground" name="test_create_playground_account" time="0.034" /><testcase classname="tests.test_production_features.TestTradingPlayground" name="test_get_playground_account" time="0.044" /><testcase classname="tests.test_production_features.TestTradingPlayground" name="test_place_buy_order" time="0.038" /><testcase classname="tests.test_production_features.TestTradingPlayground" name="test_view_positions_after_buy" time="0.042" /><testcase classname="tests.test_production_features.TestTradingPlayground" name="test_place_sell_order" time="0.035" /><testcase classname="tests.test_production_features.TestTradingPlayground" name="test_account_balance_after_trades" time="0.031" /><testcase classname="tests.test_production_features.TestTradingPlayground" name="test_reset_account" time="0.033" /><testcase classname="tests.test_production_features.TestTradingPlayground" name="test_playground_leaderboard" time="0.043" /><testcase classname="tests.test_production_features.TestAutonomousBot" name="test_create_bot_account_first" time="0.040" /><testcase classname="tests.test_production_features.TestAutonomousBot" name="test_create_conservative_bot" time="0.054" /><testcase classname="tests.test_production_features.TestAutonomousBot" name="test_create_moderate_bot" time="0.039" /><testcase classname="tests.test_production_features.TestAutonomousBot" name="test_create_aggressive_bot" time="0.046" /><testcase classname="tests.test_production_features.TestAutonomousBot" name="test_get_bot" time="0.033" /><testcase classname="tests.test_production_features.TestAutonomousBot" name="test_set_bot_mode_semi_auto" time="0.034" /><testcase classname="tests.test_production_features.TestAutonomousBot" name="test_set_bot_mode_full_auto" time="0.041" /><testcase classname="tests.test_production_features.TestAutonomousBot" name="test_set_bot_mode_paused" time="0.035" /><testcase classname="tests.test_production_features.TestAutonomousBot" name="test_trigger_market_analysis" time="0.040" /><testcase classname="tests.test_production_features.TestAutonomousBot" name="test_get_bot_performance" time="0.034" /><testcase classname="tests.test_production_features.TestAutonomousBot" name="test_get_pending_signals" time="0.039" /><testcase classname="tests.test_production_features.TestAutonomousBot" name="test_get_user_bots" time="0.034" /><testcase classname="tests.test_production_features.TestTrainingSystem" name="test_get_training_content" time="0.034" /><testcase classname="tests.test_production_features.TestTrainingSystem" name="test_get_user_progress" time="0.035" /><testcase classname="tests.test_production_features.TestTrainingSystem" name="test_complete_tutorial" time="0.135" /><testcase classname="tests.test_production_features.TestTrainingSystem" name="test_complete_lesson" time="0.064" /><testcase classname="tests.test_production_features.TestTrainingSystem" name="test_run_backtest" time="0.047"><failure message="AssertionError: assert 'total_return' in {'avg_loss_percent': 1.215923144625983, 'avg_win_percent': 2.6257108032477245, 'equity_curve': [{'drawdown': 0, 'equity': 9927.69, 'index': 0}, {'drawdown': 1.62264218100185, 'equity': 9766.6, 'index': 1}, {'drawdown': 3.50120697729613, 'equity': 9580.1, 'index': 2}, {'drawdown': 3.2549513305361217, 'equity': 9604.55, 'index': 3}, {'drawdown': 2.508666095667678, 'equity': 9678.64, 'index': 4}, {'drawdown': 1.9548641578002304, 'equity': 9733.62, 'index': 5}, ...], 'final_balance': 10095.618960211632, ...}">tests/test_production_features.py:578: in test_run_backtest
    assert "total_return" in results
E   AssertionError: assert 'total_return' in {'avg_loss_percent': 1.215923144625983, 'avg_win_percent': 2.6257108032477245, 'equity_curve': [{'drawdown': 0, 'equity': 9927.69, 'index': 0}, {'drawdown': 1.62264218100185, 'equity': 9766.6, 'index': 1}, {'drawdown': 3.50120697729613, 'equity': 9580.1, 'index': 2}, {'drawdown': 3.2549513305361217, 'equity': 9604.55, 'index': 3}, {'drawdown': 2.508666095667678, 'equity': 9678.64, 'index': 4}, {'drawdown': 1.9548641578002304, 'equity': 9733.62, 'index': 5}, ...], 'final_balance': 10095.618960211632, ...}</failure></testcase><testcase classname="tests.test_production_features.TestExchangeIntegration" name="test_get_supported_exchanges" time="0.032"><failure message="AssertionError: assert 'supported_features' in {'features': ['spot', 'futures', 'margin'], 'id': 'binance', 'name': 'Binance', 'supported': True, ...}">tests/test_production_features.py:609: in test_get_supported_exchanges
    assert "supported_features" in exchange
E   AssertionError: assert 'supported_features' in {'features': ['spot', 'futures', 'margin'], 'id': 'binance', 'name': 'Binance', 'supported': True, ...}</failure></testcase><testcase classname="tests.test_production_features.TestSocialIntegration" name="test_get_social_trending" time="0.032"><failure message="AssertionError: assert 'trending_topics' in {'fear_greed_index': 72, 'fear_greed_label': 'Greed', 'overall_sentiment': 'bullish', 'trending': [{'change_24h': 15.3, 'mentions': 45230, 'sample_tweets': ['BTC breaking out! $100k incoming #x1F680', 'Institutional buying continues to accelerate', 'Bitcoin dominance reaching new highs'], 'sentiment': 'bullish', ...}, {'change_24h': 8.7, 'mentions': 28450, 'sample_tweets': ['ETH staking rewards looking attractive', 'Layer 2 adoption accelerating', 'Gas fees at yearly lows'], 'sentiment': 'bullish', ...}, {'change_24h': -5.2, 'mentions': 18920, 'sample_tweets': ['SOL ecosystem growing despite volatility', 'New DEX launches on Solana', 'Network congestion concerns addressed'], 'sentiment': 'neutral', ...}, {'change_24h': 22.1, 'mentions': 12340, 'sample_tweets': ['TVL surging across protocols', 'Yield farming opportunities emerging', 'DeFi summer 2.0?'], 'sentiment': 'bullish', ...}, {'change_24h': -12.5, 'mentions': 8760, 'sample_tweets': ['NFT volume declining', 'Blue chips holding steady', 'Focus shifting to utility'], 'sentiment': 'bearish', ...}], ...}">tests/test_production_features.py:632: in test_get_social_trending
    assert "trending_topics" in data
E   AssertionError: assert 'trending_topics' in {'fear_greed_index': 72, 'fear_greed_label': 'Greed', 'overall_sentiment': 'bullish', 'trending': [{'change_24h': 15.3, 'mentions': 45230, 'sample_tweets': ['BTC breaking out! $100k incoming #x1F680', 'Institutional buying continues to accelerate', 'Bitcoin dominance reaching new highs'], 'sentiment': 'bullish', ...}, {'change_24h': 8.7, 'mentions': 28450, 'sample_tweets': ['ETH staking rewards looking attractive', 'Layer 2 adoption accelerating', 'Gas fees at yearly lows'], 'sentiment': 'bullish', ...}, {'change_24h': -5.2, 'mentions': 18920, 'sample_tweets': ['SOL ecosystem growing despite volatility', 'New DEX launches on Solana', 'Network congestion concerns addressed'], 'sentiment': 'neutral', ...}, {'change_24h': 22.1, 'mentions': 12340, 'sample_tweets': ['TVL surging across protocols', 'Yield farming opportunities emerging', 'DeFi summer 2.0?'], 'sentiment': 'bullish', ...}, {'change_24h': -12.5, 'mentions': 8760, 'sample_tweets': ['NFT volume declining', 'Blue chips holding steady', 'Focus shifting to utility'], 'sentiment': 'bearish', ...}], ...}</failure></testcase><testcase classname="tests.test_production_features.TestSocialIntegration" name="test_get_symbol_sentiment" time="0.034"><failure message="AssertionError: assert 'overall_sentiment' in {'key_influencers': [{'followers': 125000, 'name': '@CryptoTrader1', 'sentiment': 'bullish'}, {'followers': 89000, 'name': '@MarketAnalyst', 'sentiment': 'bullish'}, {'followers': 67000, 'name': '@WhaleWatch', 'sentiment': 'neutral'}], 'mentions_24h': 45230, 'mentions_change': 15.3, 'sentiment_label': 'Very Bullish', ...}">tests/test_production_features.py:661: in test_get_symbol_sentiment
    assert "overall_sentiment" in data
E   AssertionError: assert 'overall_sentiment' in {'key_influencers': [{'followers': 125000, 'name': '@CryptoTrader1', 'sentiment': 'bullish'}, {'followers': 89000, 'name': '@MarketAnalyst', 'sentiment': 'bullish'}, {'followers': 67000, 'name': '@WhaleWatch', 'sentiment': 'neutral'}], 'mentions_24h': 45230, 'mentions_change': 15.3, 'sentiment_label': 'Very Bullish', ...}</failure></testcase><testcase classname="tests.test_production_features.TestIntegrationFlows" name="test_full_trading_flow" time="0.180" /><testcase classname="tests.test_production_features.TestIntegrationFlows" name="test_bot_with_playground_integration" time="0.118" /></testsuite></testsuites>